# JRE version: Java(TM) SE Runtime Environment (12.0+33) (build 12+33)
# Java VM: Java HotSpot(TM) 64-Bit Server VM (12+33, mixed mode, sharing, tiered, compressed oops, g1 gc, windows-amd64)
Heap:
 garbage-first heap   total 262144K, used 154367K [0x00000000e0000000, 0x0000000100000000)
  region size 1024K, 14 young (14336K), 4 survivors (4096K)
 Metaspace       used 86745K, capacity 90435K, committed 90492K, reserved 331776K
  class space    used 11220K, capacity 12627K, committed 12668K, reserved 253952K
GC Heap History (10 events):
Event: 10364.705 GC heap before
{Heap before GC invocations=22 (full 0):
 garbage-first heap   total 262144K, used 211119K [0x00000000e0000000, 0x0000000100000000)
  region size 1024K, 88 young (90112K), 5 survivors (5120K)
 Metaspace       used 85071K, capacity 88305K, committed 89468K, reserved 331776K
  class space    used 11000K, capacity 12203K, committed 12668K, reserved 253952K
}
Event: 10364.711 GC heap after
{Heap after GC invocations=23 (full 0):
 garbage-first heap   total 262144K, used 124919K [0x00000000e0000000, 0x0000000100000000)
  region size 1024K, 4 young (4096K), 4 survivors (4096K)
 Metaspace       used 85071K, capacity 88305K, committed 89468K, reserved 331776K
  class space    used 11000K, capacity 12203K, committed 12668K, reserved 253952K
}
Event: 10364.719 GC heap before
{Heap before GC invocations=23 (full 0):
 garbage-first heap   total 262144K, used 133111K [0x00000000e0000000, 0x0000000100000000)
  region size 1024K, 12 young (12288K), 4 survivors (4096K)
 Metaspace       used 85071K, capacity 88305K, committed 89468K, reserved 331776K
  class space    used 11000K, capacity 12203K, committed 12668K, reserved 253952K
}
Event: 10364.733 GC heap after
{Heap after GC invocations=24 (full 0):
 garbage-first heap   total 262144K, used 115299K [0x00000000e0000000, 0x0000000100000000)
  region size 1024K, 1 young (1024K), 1 survivors (1024K)
 Metaspace       used 85071K, capacity 88305K, committed 89468K, reserved 331776K
  class space    used 11000K, capacity 12203K, committed 12668K, reserved 253952K
}
Event: 10485.284 GC heap before
{Heap before GC invocations=24 (full 0):
 garbage-first heap   total 262144K, used 207459K [0x00000000e0000000, 0x0000000100000000)
  region size 1024K, 91 young (93184K), 1 survivors (1024K)
 Metaspace       used 85518K, capacity 88823K, committed 89724K, reserved 331776K
  class space    used 11083K, capacity 12362K, committed 12668K, reserved 253952K
}
Event: 10485.292 GC heap after
{Heap after GC invocations=25 (full 0):
 garbage-first heap   total 262144K, used 120161K [0x00000000e0000000, 0x0000000100000000)
  region size 1024K, 6 young (6144K), 6 survivors (6144K)
 Metaspace       used 85518K, capacity 88823K, committed 89724K, reserved 331776K
  class space    used 11083K, capacity 12362K, committed 12668K, reserved 253952K
}
Event: 10515.761 GC heap before
{Heap before GC invocations=25 (full 0):
 garbage-first heap   total 262144K, used 211297K [0x00000000e0000000, 0x0000000100000000)
  region size 1024K, 95 young (97280K), 6 survivors (6144K)
 Metaspace       used 86402K, capacity 90072K, committed 90236K, reserved 331776K
  class space    used 11198K, capacity 12590K, committed 12668K, reserved 253952K
}
Event: 10515.785 GC heap after
{Heap after GC invocations=26 (full 0):
 garbage-first heap   total 262144K, used 140691K [0x00000000e0000000, 0x0000000100000000)
  region size 1024K, 12 young (12288K), 12 survivors (12288K)
 Metaspace       used 86402K, capacity 90072K, committed 90236K, reserved 331776K
  class space    used 11198K, capacity 12590K, committed 12668K, reserved 253952K
}
Event: 10518.658 GC heap before
{Heap before GC invocations=26 (full 0):
 garbage-first heap   total 262144K, used 207251K [0x00000000e0000000, 0x0000000100000000)
  region size 1024K, 78 young (79872K), 12 survivors (12288K)
 Metaspace       used 86737K, capacity 90434K, committed 90492K, reserved 331776K
  class space    used 11220K, capacity 12627K, committed 12668K, reserved 253952K
}
Event: 10518.715 GC heap after
{Heap after GC invocations=27 (full 0):
 garbage-first heap   total 262144K, used 145151K [0x00000000e0000000, 0x0000000100000000)
  region size 1024K, 4 young (4096K), 4 survivors (4096K)
 Metaspace       used 86737K, capacity 90434K, committed 90492K, reserved 331776K
  class space    used 11220K, capacity 12627K, committed 12668K, reserved 253952K
}

